<?xml version="1.0" encoding="UTF-8"?>
<!-- Generated by org.testng.reporters.JUnitReportReporter -->
<testsuite hostname="Rodrigo-R" name="de.letsbuildacompiler.test.CompilerTest" tests="73" failures="0" timestamp="17 Jul 2015 06:07:50 GMT" time="4.950" errors="0">
  <testcase name="runningCode_outputsExpectedText" time="0.067" classname="de.letsbuildacompiler.test.CompilerTest"/>
  <testcase name="runningCode_outputsExpectedText" time="0.072" classname="de.letsbuildacompiler.test.CompilerTest"/>
  <testcase name="runningCode_outputsExpectedText" time="0.064" classname="de.letsbuildacompiler.test.CompilerTest"/>
  <testcase name="runningCode_outputsExpectedText" time="0.069" classname="de.letsbuildacompiler.test.CompilerTest"/>
  <testcase name="runningCode_outputsExpectedText" time="0.067" classname="de.letsbuildacompiler.test.CompilerTest"/>
  <testcase name="runningCode_outputsExpectedText" time="0.067" classname="de.letsbuildacompiler.test.CompilerTest"/>
  <testcase name="runningCode_outputsExpectedText" time="0.076" classname="de.letsbuildacompiler.test.CompilerTest"/>
  <testcase name="runningCode_outputsExpectedText" time="0.069" classname="de.letsbuildacompiler.test.CompilerTest"/>
  <testcase name="runningCode_outputsExpectedText" time="0.071" classname="de.letsbuildacompiler.test.CompilerTest"/>
  <testcase name="runningCode_outputsExpectedText" time="0.066" classname="de.letsbuildacompiler.test.CompilerTest"/>
  <testcase name="runningCode_outputsExpectedText" time="0.076" classname="de.letsbuildacompiler.test.CompilerTest"/>
  <testcase name="runningCode_outputsExpectedText" time="0.065" classname="de.letsbuildacompiler.test.CompilerTest"/>
  <testcase name="runningCode_outputsExpectedText" time="0.065" classname="de.letsbuildacompiler.test.CompilerTest"/>
  <testcase name="runningCode_outputsExpectedText" time="0.066" classname="de.letsbuildacompiler.test.CompilerTest"/>
  <testcase name="compilingCode_throwsUndeclaredVariableException_ifWritingUndefinedVariableIsUndefined" time="0.013" classname="de.letsbuildacompiler.test.CompilerTest"/>
  <testcase name="runningCode_outputsExpectedText" time="0.064" classname="de.letsbuildacompiler.test.CompilerTest"/>
  <testcase name="compilingCode_throwsVariableeAlreadyDefinedException_whenDefiningAlreadyDefinedVariable" time="0.003" classname="de.letsbuildacompiler.test.CompilerTest"/>
  <testcase name="runningCode_outputsExpectedText" time="0.065" classname="de.letsbuildacompiler.test.CompilerTest"/>
  <testcase name="runningCode_outputsExpectedText" time="0.066" classname="de.letsbuildacompiler.test.CompilerTest"/>
  <testcase name="runningCode_outputsExpectedText" time="0.065" classname="de.letsbuildacompiler.test.CompilerTest"/>
  <testcase name="runningCode_outputsExpectedText" time="0.070" classname="de.letsbuildacompiler.test.CompilerTest"/>
  <testcase name="runningCode_outputsExpectedText" time="0.065" classname="de.letsbuildacompiler.test.CompilerTest"/>
  <testcase name="runningCode_outputsExpectedText" time="0.066" classname="de.letsbuildacompiler.test.CompilerTest"/>
  <testcase name="runningCode_outputsExpectedText" time="0.064" classname="de.letsbuildacompiler.test.CompilerTest"/>
  <testcase name="runningCode_outputsExpectedText" time="0.065" classname="de.letsbuildacompiler.test.CompilerTest"/>
  <testcase name="runningCode_outputsExpectedText" time="0.065" classname="de.letsbuildacompiler.test.CompilerTest"/>
  <testcase name="runningCode_outputsExpectedText" time="0.075" classname="de.letsbuildacompiler.test.CompilerTest"/>
  <testcase name="runningCode_outputsExpectedText" time="0.072" classname="de.letsbuildacompiler.test.CompilerTest"/>
  <testcase name="runningCode_outputsExpectedText" time="0.067" classname="de.letsbuildacompiler.test.CompilerTest"/>
  <testcase name="runningCode_outputsExpectedText" time="0.065" classname="de.letsbuildacompiler.test.CompilerTest"/>
  <testcase name="runningCode_outputsExpectedText" time="0.068" classname="de.letsbuildacompiler.test.CompilerTest"/>
  <testcase name="runningCode_outputsExpectedText" time="0.069" classname="de.letsbuildacompiler.test.CompilerTest"/>
  <testcase name="runningCode_outputsExpectedText" time="0.084" classname="de.letsbuildacompiler.test.CompilerTest"/>
  <testcase name="runningCode_outputsExpectedText" time="0.070" classname="de.letsbuildacompiler.test.CompilerTest"/>
  <testcase name="runningCode_outputsExpectedText" time="0.064" classname="de.letsbuildacompiler.test.CompilerTest"/>
  <testcase name="runningCode_outputsExpectedText" time="0.066" classname="de.letsbuildacompiler.test.CompilerTest"/>
  <testcase name="runningCode_outputsExpectedText" time="0.068" classname="de.letsbuildacompiler.test.CompilerTest"/>
  <testcase name="runningCode_outputsExpectedText" time="0.067" classname="de.letsbuildacompiler.test.CompilerTest"/>
  <testcase name="runningCode_outputsExpectedText" time="0.066" classname="de.letsbuildacompiler.test.CompilerTest"/>
  <testcase name="runningCode_outputsExpectedText" time="0.070" classname="de.letsbuildacompiler.test.CompilerTest"/>
  <testcase name="runningCode_outputsExpectedText" time="0.065" classname="de.letsbuildacompiler.test.CompilerTest"/>
  <testcase name="runningCode_outputsExpectedText" time="0.075" classname="de.letsbuildacompiler.test.CompilerTest"/>
  <testcase name="runningCode_outputsExpectedText" time="0.066" classname="de.letsbuildacompiler.test.CompilerTest"/>
  <testcase name="runningCode_outputsExpectedText" time="0.064" classname="de.letsbuildacompiler.test.CompilerTest"/>
  <testcase name="runningCode_outputsExpectedText" time="0.067" classname="de.letsbuildacompiler.test.CompilerTest"/>
  <testcase name="runningCode_outputsExpectedText" time="0.068" classname="de.letsbuildacompiler.test.CompilerTest"/>
  <testcase name="runningCode_outputsExpectedText" time="0.072" classname="de.letsbuildacompiler.test.CompilerTest"/>
  <testcase name="runningCode_outputsExpectedText" time="0.075" classname="de.letsbuildacompiler.test.CompilerTest"/>
  <testcase name="runningCode_outputsExpectedText" time="0.070" classname="de.letsbuildacompiler.test.CompilerTest"/>
  <testcase name="runningCode_outputsExpectedText" time="0.071" classname="de.letsbuildacompiler.test.CompilerTest"/>
  <testcase name="runningCode_outputsExpectedText" time="0.066" classname="de.letsbuildacompiler.test.CompilerTest"/>
  <testcase name="runningCode_outputsExpectedText" time="0.068" classname="de.letsbuildacompiler.test.CompilerTest"/>
  <testcase name="runningCode_outputsExpectedText" time="0.079" classname="de.letsbuildacompiler.test.CompilerTest"/>
  <testcase name="runningCode_outputsExpectedText" time="0.066" classname="de.letsbuildacompiler.test.CompilerTest"/>
  <testcase name="runningCode_outputsExpectedText" time="0.072" classname="de.letsbuildacompiler.test.CompilerTest"/>
  <testcase name="runningCode_outputsExpectedText" time="0.075" classname="de.letsbuildacompiler.test.CompilerTest"/>
  <testcase name="compilingCode_throwsUndeclaredVariableException_ifReadingUndefinedVariableIsUndefined" time="0.102" classname="de.letsbuildacompiler.test.CompilerTest"/>
  <testcase name="runningCode_outputsExpectedText" time="0.067" classname="de.letsbuildacompiler.test.CompilerTest"/>
  <testcase name="runningCode_outputsExpectedText" time="0.066" classname="de.letsbuildacompiler.test.CompilerTest"/>
  <testcase name="runningCode_outputsExpectedText" time="0.065" classname="de.letsbuildacompiler.test.CompilerTest"/>
  <testcase name="runningCode_outputsExpectedText" time="0.069" classname="de.letsbuildacompiler.test.CompilerTest"/>
  <testcase name="runningCode_outputsExpectedText" time="0.065" classname="de.letsbuildacompiler.test.CompilerTest"/>
  <testcase name="runningCode_outputsExpectedText" time="0.067" classname="de.letsbuildacompiler.test.CompilerTest"/>
  <testcase name="runningCode_outputsExpectedText" time="0.116" classname="de.letsbuildacompiler.test.CompilerTest"/>
  <testcase name="runningCode_outputsExpectedText" time="0.068" classname="de.letsbuildacompiler.test.CompilerTest"/>
  <testcase name="runningCode_outputsExpectedText" time="0.067" classname="de.letsbuildacompiler.test.CompilerTest"/>
  <testcase name="runningCode_outputsExpectedText" time="0.073" classname="de.letsbuildacompiler.test.CompilerTest"/>
  <testcase name="runningCode_outputsExpectedText" time="0.065" classname="de.letsbuildacompiler.test.CompilerTest"/>
  <testcase name="runningCode_outputsExpectedText" time="0.067" classname="de.letsbuildacompiler.test.CompilerTest"/>
  <testcase name="runningCode_outputsExpectedText" time="0.065" classname="de.letsbuildacompiler.test.CompilerTest"/>
  <testcase name="runningCode_outputsExpectedText" time="0.072" classname="de.letsbuildacompiler.test.CompilerTest"/>
  <testcase name="runningCode_outputsExpectedText" time="0.066" classname="de.letsbuildacompiler.test.CompilerTest"/>
  <testcase name="runningCode_outputsExpectedText" time="0.069" classname="de.letsbuildacompiler.test.CompilerTest"/>
</testsuite> <!-- de.letsbuildacompiler.test.CompilerTest -->
