<?xml version="1.0" encoding="UTF-8"?>
<!-- Generated by org.testng.reporters.JUnitReportReporter -->
<testsuite hostname="Rodrigo-R" name="de.letsbuildacompiler.test.CompilerTest" tests="75" failures="0" timestamp="17 Jul 2015 18:00:36 GMT" time="5.003" errors="0">
  <testcase name="runningCode_outputsExpectedText" time="0.064" classname="de.letsbuildacompiler.test.CompilerTest"/>
  <testcase name="runningCode_outputsExpectedText" time="0.063" classname="de.letsbuildacompiler.test.CompilerTest"/>
  <testcase name="runningCode_outputsExpectedText" time="0.064" classname="de.letsbuildacompiler.test.CompilerTest"/>
  <testcase name="runningCode_outputsExpectedText" time="0.069" classname="de.letsbuildacompiler.test.CompilerTest"/>
  <testcase name="runningCode_outputsExpectedText" time="0.065" classname="de.letsbuildacompiler.test.CompilerTest"/>
  <testcase name="runningCode_outputsExpectedText" time="0.069" classname="de.letsbuildacompiler.test.CompilerTest"/>
  <testcase name="runningCode_outputsExpectedText" time="0.073" classname="de.letsbuildacompiler.test.CompilerTest"/>
  <testcase name="runningCode_outputsExpectedText" time="0.066" classname="de.letsbuildacompiler.test.CompilerTest"/>
  <testcase name="runningCode_outputsExpectedText" time="0.068" classname="de.letsbuildacompiler.test.CompilerTest"/>
  <testcase name="runningCode_outputsExpectedText" time="0.065" classname="de.letsbuildacompiler.test.CompilerTest"/>
  <testcase name="runningCode_outputsExpectedText" time="0.072" classname="de.letsbuildacompiler.test.CompilerTest"/>
  <testcase name="runningCode_outputsExpectedText" time="0.064" classname="de.letsbuildacompiler.test.CompilerTest"/>
  <testcase name="runningCode_outputsExpectedText" time="0.064" classname="de.letsbuildacompiler.test.CompilerTest"/>
  <testcase name="runningCode_outputsExpectedText" time="0.064" classname="de.letsbuildacompiler.test.CompilerTest"/>
  <testcase name="compilingCode_throwsUndeclaredVariableException_ifReadingUndefinedVariableIsUndefined" time="0.100" classname="de.letsbuildacompiler.test.CompilerTest"/>
  <testcase name="runningCode_outputsExpectedText" time="0.073" classname="de.letsbuildacompiler.test.CompilerTest"/>
  <testcase name="runningCode_outputsExpectedText" time="0.066" classname="de.letsbuildacompiler.test.CompilerTest"/>
  <testcase name="runningCode_outputsExpectedText" time="0.066" classname="de.letsbuildacompiler.test.CompilerTest"/>
  <testcase name="runningCode_outputsExpectedText" time="0.079" classname="de.letsbuildacompiler.test.CompilerTest"/>
  <testcase name="runningCode_outputsExpectedText" time="0.074" classname="de.letsbuildacompiler.test.CompilerTest"/>
  <testcase name="runningCode_outputsExpectedText" time="0.066" classname="de.letsbuildacompiler.test.CompilerTest"/>
  <testcase name="runningCode_outputsExpectedText" time="0.066" classname="de.letsbuildacompiler.test.CompilerTest"/>
  <testcase name="runningCode_outputsExpectedText" time="0.066" classname="de.letsbuildacompiler.test.CompilerTest"/>
  <testcase name="runningCode_outputsExpectedText" time="0.065" classname="de.letsbuildacompiler.test.CompilerTest"/>
  <testcase name="runningCode_outputsExpectedText" time="0.074" classname="de.letsbuildacompiler.test.CompilerTest"/>
  <testcase name="runningCode_outputsExpectedText" time="0.063" classname="de.letsbuildacompiler.test.CompilerTest"/>
  <testcase name="runningCode_outputsExpectedText" time="0.065" classname="de.letsbuildacompiler.test.CompilerTest"/>
  <testcase name="runningCode_outputsExpectedText" time="0.065" classname="de.letsbuildacompiler.test.CompilerTest"/>
  <testcase name="runningCode_outputsExpectedText" time="0.077" classname="de.letsbuildacompiler.test.CompilerTest"/>
  <testcase name="runningCode_outputsExpectedText" time="0.063" classname="de.letsbuildacompiler.test.CompilerTest"/>
  <testcase name="runningCode_outputsExpectedText" time="0.072" classname="de.letsbuildacompiler.test.CompilerTest"/>
  <testcase name="runningCode_outputsExpectedText" time="0.075" classname="de.letsbuildacompiler.test.CompilerTest"/>
  <testcase name="runningCode_outputsExpectedText" time="0.063" classname="de.letsbuildacompiler.test.CompilerTest"/>
  <testcase name="runningCode_outputsExpectedText" time="0.061" classname="de.letsbuildacompiler.test.CompilerTest"/>
  <testcase name="runningCode_outputsExpectedText" time="0.068" classname="de.letsbuildacompiler.test.CompilerTest"/>
  <testcase name="runningCode_outputsExpectedText" time="0.072" classname="de.letsbuildacompiler.test.CompilerTest"/>
  <testcase name="runningCode_outputsExpectedText" time="0.071" classname="de.letsbuildacompiler.test.CompilerTest"/>
  <testcase name="runningCode_outputsExpectedText" time="0.074" classname="de.letsbuildacompiler.test.CompilerTest"/>
  <testcase name="runningCode_outputsExpectedText" time="0.062" classname="de.letsbuildacompiler.test.CompilerTest"/>
  <testcase name="runningCode_outputsExpectedText" time="0.069" classname="de.letsbuildacompiler.test.CompilerTest"/>
  <testcase name="runningCode_outputsExpectedText" time="0.072" classname="de.letsbuildacompiler.test.CompilerTest"/>
  <testcase name="runningCode_outputsExpectedText" time="0.063" classname="de.letsbuildacompiler.test.CompilerTest"/>
  <testcase name="runningCode_outputsExpectedText" time="0.063" classname="de.letsbuildacompiler.test.CompilerTest"/>
  <testcase name="runningCode_outputsExpectedText" time="0.074" classname="de.letsbuildacompiler.test.CompilerTest"/>
  <testcase name="runningCode_outputsExpectedText" time="0.062" classname="de.letsbuildacompiler.test.CompilerTest"/>
  <testcase name="runningCode_outputsExpectedText" time="0.070" classname="de.letsbuildacompiler.test.CompilerTest"/>
  <testcase name="runningCode_outputsExpectedText" time="0.077" classname="de.letsbuildacompiler.test.CompilerTest"/>
  <testcase name="runningCode_outputsExpectedText" time="0.073" classname="de.letsbuildacompiler.test.CompilerTest"/>
  <testcase name="runningCode_outputsExpectedText" time="0.063" classname="de.letsbuildacompiler.test.CompilerTest"/>
  <testcase name="runningCode_outputsExpectedText" time="0.067" classname="de.letsbuildacompiler.test.CompilerTest"/>
  <testcase name="runningCode_outputsExpectedText" time="0.062" classname="de.letsbuildacompiler.test.CompilerTest"/>
  <testcase name="runningCode_outputsExpectedText" time="0.066" classname="de.letsbuildacompiler.test.CompilerTest"/>
  <testcase name="runningCode_outputsExpectedText" time="0.066" classname="de.letsbuildacompiler.test.CompilerTest"/>
  <testcase name="runningCode_outputsExpectedText" time="0.065" classname="de.letsbuildacompiler.test.CompilerTest"/>
  <testcase name="runningCode_outputsExpectedText" time="0.062" classname="de.letsbuildacompiler.test.CompilerTest"/>
  <testcase name="runningCode_outputsExpectedText" time="0.063" classname="de.letsbuildacompiler.test.CompilerTest"/>
  <testcase name="runningCode_outputsExpectedText" time="0.065" classname="de.letsbuildacompiler.test.CompilerTest"/>
  <testcase name="runningCode_outputsExpectedText" time="0.066" classname="de.letsbuildacompiler.test.CompilerTest"/>
  <testcase name="runningCode_outputsExpectedText" time="0.063" classname="de.letsbuildacompiler.test.CompilerTest"/>
  <testcase name="runningCode_outputsExpectedText" time="0.063" classname="de.letsbuildacompiler.test.CompilerTest"/>
  <testcase name="runningCode_outputsExpectedText" time="0.068" classname="de.letsbuildacompiler.test.CompilerTest"/>
  <testcase name="runningCode_outputsExpectedText" time="0.073" classname="de.letsbuildacompiler.test.CompilerTest"/>
  <testcase name="runningCode_outputsExpectedText" time="0.065" classname="de.letsbuildacompiler.test.CompilerTest"/>
  <testcase name="runningCode_outputsExpectedText" time="0.064" classname="de.letsbuildacompiler.test.CompilerTest"/>
  <testcase name="runningCode_outputsExpectedText" time="0.063" classname="de.letsbuildacompiler.test.CompilerTest"/>
  <testcase name="runningCode_outputsExpectedText" time="0.063" classname="de.letsbuildacompiler.test.CompilerTest"/>
  <testcase name="runningCode_outputsExpectedText" time="0.064" classname="de.letsbuildacompiler.test.CompilerTest"/>
  <testcase name="runningCode_outputsExpectedText" time="0.065" classname="de.letsbuildacompiler.test.CompilerTest"/>
  <testcase name="runningCode_outputsExpectedText" time="0.067" classname="de.letsbuildacompiler.test.CompilerTest"/>
  <testcase name="runningCode_outputsExpectedText" time="0.064" classname="de.letsbuildacompiler.test.CompilerTest"/>
  <testcase name="runningCode_outputsExpectedText" time="0.122" classname="de.letsbuildacompiler.test.CompilerTest"/>
  <testcase name="runningCode_outputsExpectedText" time="0.063" classname="de.letsbuildacompiler.test.CompilerTest"/>
  <testcase name="compilingCode_throwsUndeclaredVariableException_ifWritingUndefinedVariableIsUndefined" time="0.014" classname="de.letsbuildacompiler.test.CompilerTest"/>
  <testcase name="compilingCode_throwsVariableeAlreadyDefinedException_whenDefiningAlreadyDefinedVariable" time="0.002" classname="de.letsbuildacompiler.test.CompilerTest"/>
  <testcase name="runningCode_outputsExpectedText" time="0.076" classname="de.letsbuildacompiler.test.CompilerTest"/>
</testsuite> <!-- de.letsbuildacompiler.test.CompilerTest -->
